starting build

**********************************************************************

Test build
build xv6 using make

**********************************************************************
Trying to build project using make
make
make: *** No targets specified and no makefile found.  Stop.


test build FAILED
 (build xv6 using make)
 make failed (error 2)
 required file 'xv6.img' does not exist after make
 required file 'fs.img' does not exist after make

starting create

**********************************************************************

Test create
Creates a small file and makes sure the type is properly set.

**********************************************************************
Running xv6 user progam /u/c/s/cs537-1/ta/tests/5b/ctests/create.c
IOError: [Errno 2] No such file or directory: '/tmp/tmpHVn86h/p/user/tester.c'


test create FAILED (0 of 10)
 (Creates a small file and makes sure the type is properly set.)
 Unexpected exception [Errno 2] No such file or directory: '/tmp/tmpHVn86h/p/user/tester.c'

starting create2

**********************************************************************

Test create2
Should not create a small file if O_SMALLFILE is passed in but not O_CREATE.

**********************************************************************
Running xv6 user progam /u/c/s/cs537-1/ta/tests/5b/ctests/create2.c
IOError: [Errno 2] No such file or directory: '/tmp/tmpHVn86h/p/user/tester.c'


test create2 FAILED (0 of 10)
 (Should not create a small file if O_SMALLFILE is passed in but not O_CREATE.)
 Unexpected exception [Errno 2] No such file or directory: '/tmp/tmpHVn86h/p/user/tester.c'

starting open

**********************************************************************

Test open
Open() called a second time without O_CREATE and O_SMALLFILE. Checks file's type to make sure it is T_SMALLFILE and that read and write still work

**********************************************************************
Running xv6 user progam /u/c/s/cs537-1/ta/tests/5b/ctests/open.c
IOError: [Errno 2] No such file or directory: '/tmp/tmpHVn86h/p/user/tester.c'


test open FAILED (0 of 10)
 (Open() called a second time without O_CREATE and O_SMALLFILE. Checks file's type to make sure it is T_SMALLFILE and that read and write still work)
 Unexpected exception [Errno 2] No such file or directory: '/tmp/tmpHVn86h/p/user/tester.c'

starting read

**********************************************************************

Test read
Tries to read more than possible and makes sure only amount available is read.

**********************************************************************
Running xv6 user progam /u/c/s/cs537-1/ta/tests/5b/ctests/read.c
IOError: [Errno 2] No such file or directory: '/tmp/tmpHVn86h/p/user/tester.c'


test read FAILED (0 of 10)
 (Tries to read more than possible and makes sure only amount available is read.)
 Unexpected exception [Errno 2] No such file or directory: '/tmp/tmpHVn86h/p/user/tester.c'

starting read2

**********************************************************************

Test read2
Reads one byte at a time from small file.

**********************************************************************
Running xv6 user progam /u/c/s/cs537-1/ta/tests/5b/ctests/read2.c
IOError: [Errno 2] No such file or directory: '/tmp/tmpHVn86h/p/user/tester.c'


test read2 FAILED (0 of 10)
 (Reads one byte at a time from small file.)
 Unexpected exception [Errno 2] No such file or directory: '/tmp/tmpHVn86h/p/user/tester.c'

starting write

**********************************************************************

Test write
Tries to write more than possible to a small file and makes sure only 52 bytes are written.

**********************************************************************
Running xv6 user progam /u/c/s/cs537-1/ta/tests/5b/ctests/write.c
IOError: [Errno 2] No such file or directory: '/tmp/tmpHVn86h/p/user/tester.c'


test write FAILED (0 of 10)
 (Tries to write more than possible to a small file and makes sure only 52 bytes are written.)
 Unexpected exception [Errno 2] No such file or directory: '/tmp/tmpHVn86h/p/user/tester.c'

starting write2

**********************************************************************

Test write2
Repeatedly opens, writes, closes a small file. The last write should be the one that is persisted.

**********************************************************************
Running xv6 user progam /u/c/s/cs537-1/ta/tests/5b/ctests/write2.c
IOError: [Errno 2] No such file or directory: '/tmp/tmpHVn86h/p/user/tester.c'


test write2 FAILED (0 of 10)
 (Repeatedly opens, writes, closes a small file. The last write should be the one that is persisted.)
 Unexpected exception [Errno 2] No such file or directory: '/tmp/tmpHVn86h/p/user/tester.c'

starting write3

**********************************************************************

Test write3
Repeatedly opens, writes to the end, closes a small file until file is full.

**********************************************************************
Running xv6 user progam /u/c/s/cs537-1/ta/tests/5b/ctests/write3.c
IOError: [Errno 2] No such file or directory: '/tmp/tmpHVn86h/p/user/tester.c'


test write3 FAILED (0 of 10)
 (Repeatedly opens, writes to the end, closes a small file until file is full.)
 Unexpected exception [Errno 2] No such file or directory: '/tmp/tmpHVn86h/p/user/tester.c'

starting write4

**********************************************************************

Test write4
Small write followed by a big write to a small file should truncate the big write upto max small file size.

**********************************************************************
Running xv6 user progam /u/c/s/cs537-1/ta/tests/5b/ctests/write4.c
IOError: [Errno 2] No such file or directory: '/tmp/tmpHVn86h/p/user/tester.c'


test write4 FAILED (0 of 10)
 (Small write followed by a big write to a small file should truncate the big write upto max small file size.)
 Unexpected exception [Errno 2] No such file or directory: '/tmp/tmpHVn86h/p/user/tester.c'

starting readonly

**********************************************************************

Test readonly
Makes sure small files can be opened as read only and writes would fail.

**********************************************************************
Running xv6 user progam /u/c/s/cs537-1/ta/tests/5b/ctests/readonly.c
IOError: [Errno 2] No such file or directory: '/tmp/tmpHVn86h/p/user/tester.c'


test readonly FAILED (0 of 10)
 (Makes sure small files can be opened as read only and writes would fail.)
 Unexpected exception [Errno 2] No such file or directory: '/tmp/tmpHVn86h/p/user/tester.c'

starting writeonly

**********************************************************************

Test writeonly
Makes sure small files can be opened as write only and reads would fail.

**********************************************************************
Running xv6 user progam /u/c/s/cs537-1/ta/tests/5b/ctests/writeonly.c
IOError: [Errno 2] No such file or directory: '/tmp/tmpHVn86h/p/user/tester.c'


test writeonly FAILED (0 of 10)
 (Makes sure small files can be opened as write only and reads would fail.)
 Unexpected exception [Errno 2] No such file or directory: '/tmp/tmpHVn86h/p/user/tester.c'

starting remove

**********************************************************************

Test remove
Makes sure removing a small file does not corrupt the file system by freeing blocks.

**********************************************************************
Running xv6 user progam /u/c/s/cs537-1/ta/tests/5b/ctests/remove.c
IOError: [Errno 2] No such file or directory: '/tmp/tmpHVn86h/p/user/tester.c'


test remove FAILED (0 of 10)
 (Makes sure removing a small file does not corrupt the file system by freeing blocks.)
 Unexpected exception [Errno 2] No such file or directory: '/tmp/tmpHVn86h/p/user/tester.c'

starting fulldisk

**********************************************************************

Test fulldisk
First uses all free blocks on disk for normal files and then makes sure small files can still be created. ***Note that the test will take a while since big files are created.***

**********************************************************************
Running xv6 user progam /u/c/s/cs537-1/ta/tests/5b/ctests/fulldisk.c
IOError: [Errno 2] No such file or directory: '/tmp/tmpHVn86h/p/user/tester.c'


test fulldisk FAILED (0 of 10)
 (First uses all free blocks on disk for normal files and then makes sure small files can still be created. ***Note that the test will take a while since big files are created.***)
 Unexpected exception [Errno 2] No such file or directory: '/tmp/tmpHVn86h/p/user/tester.c'

starting stress

**********************************************************************

Test stress
Creates and deletes a lot of small files one at a time to make sure nothing breaks under a heavy load.

**********************************************************************
Running xv6 user progam /u/c/s/cs537-1/ta/tests/5b/ctests/stress.c
IOError: [Errno 2] No such file or directory: '/tmp/tmpHVn86h/p/user/tester.c'


test stress FAILED (0 of 10)
 (Creates and deletes a lot of small files one at a time to make sure nothing breaks under a heavy load.)
 Unexpected exception [Errno 2] No such file or directory: '/tmp/tmpHVn86h/p/user/tester.c'

starting stress2

**********************************************************************

Test stress2
Creates and deletes a lot of small files 100 of them at a time to make sure nothing breaks under a heavy load. ***Note that the test will take a VERY long time since a lot of files are created.***

**********************************************************************
Running xv6 user progam /u/c/s/cs537-1/ta/tests/5b/ctests/stress2.c
IOError: [Errno 2] No such file or directory: '/tmp/tmpHVn86h/p/user/tester.c'


test stress2 FAILED (0 of 10)
 (Creates and deletes a lot of small files 100 of them at a time to make sure nothing breaks under a heavy load. ***Note that the test will take a VERY long time since a lot of files are created.***)
 Unexpected exception [Errno 2] No such file or directory: '/tmp/tmpHVn86h/p/user/tester.c'

starting smallbig

**********************************************************************

Test smallbig
Creates bunch of small files; then creates bunch of big files to make sure normal files are not affected.

**********************************************************************
Running xv6 user progam /u/c/s/cs537-1/ta/tests/5b/ctests/smallbig.c
IOError: [Errno 2] No such file or directory: '/tmp/tmpHVn86h/p/user/tester.c'


test smallbig FAILED (0 of 10)
 (Creates bunch of small files; then creates bunch of big files to make sure normal files are not affected.)
 Unexpected exception [Errno 2] No such file or directory: '/tmp/tmpHVn86h/p/user/tester.c'

starting inode

**********************************************************************

Test inode
Uses all inodes in the file system; then repeatedly deleted and creates a file and makes sure the correct inode is reused for the new file.

**********************************************************************
Running xv6 user progam /u/c/s/cs537-1/ta/tests/5b/ctests/inode.c
IOError: [Errno 2] No such file or directory: '/tmp/tmpHVn86h/p/user/tester.c'


test inode FAILED (0 of 10)
 (Uses all inodes in the file system; then repeatedly deleted and creates a file and makes sure the correct inode is reused for the new file.)
 Unexpected exception [Errno 2] No such file or directory: '/tmp/tmpHVn86h/p/user/tester.c'

starting inode2

**********************************************************************

Test inode2
Uses all inodes in the file system; then repeatedly deletes bunch of files and then creates that many files and makes sure the correct inodes are reused for the new files.

**********************************************************************
Running xv6 user progam /u/c/s/cs537-1/ta/tests/5b/ctests/inode2.c
IOError: [Errno 2] No such file or directory: '/tmp/tmpHVn86h/p/user/tester.c'


test inode2 FAILED (0 of 10)
 (Uses all inodes in the file system; then repeatedly deletes bunch of files and then creates that many files and makes sure the correct inodes are reused for the new files.)
 Unexpected exception [Errno 2] No such file or directory: '/tmp/tmpHVn86h/p/user/tester.c'

starting usertests

**********************************************************************

Test usertests
Running standard tests to make sure you did not break anything for normal files. ***Note that the test will take a while since a lot of things are being tested.***

**********************************************************************
Running xv6 user progam /u/c/s/cs537-1/ta/tests/5b/ctests/usertests.c
IOError: [Errno 2] No such file or directory: '/tmp/tmpHVn86h/p/user/tester.c'


test usertests FAILED (0 of 10)
 (Running standard tests to make sure you did not break anything for normal files. ***Note that the test will take a while since a lot of things are being tested.***)
 Unexpected exception [Errno 2] No such file or directory: '/tmp/tmpHVn86h/p/user/tester.c'

**********************************************************************
Summary:
test build FAILED
 (build xv6 using make)
 make failed (error 2)
 required file 'xv6.img' does not exist after make
 required file 'fs.img' does not exist after make

test create FAILED (0 of 10)
 (Creates a small file and makes sure the type is properly set.)
 Unexpected exception [Errno 2] No such file or directory: '/tmp/tmpHVn86h/p/user/tester.c'

test create2 FAILED (0 of 10)
 (Should not create a small file if O_SMALLFILE is passed in but not O_CREATE.)
 Unexpected exception [Errno 2] No such file or directory: '/tmp/tmpHVn86h/p/user/tester.c'

test open FAILED (0 of 10)
 (Open() called a second time without O_CREATE and O_SMALLFILE. Checks file's type to make sure it is T_SMALLFILE and that read and write still work)
 Unexpected exception [Errno 2] No such file or directory: '/tmp/tmpHVn86h/p/user/tester.c'

test read FAILED (0 of 10)
 (Tries to read more than possible and makes sure only amount available is read.)
 Unexpected exception [Errno 2] No such file or directory: '/tmp/tmpHVn86h/p/user/tester.c'

test read2 FAILED (0 of 10)
 (Reads one byte at a time from small file.)
 Unexpected exception [Errno 2] No such file or directory: '/tmp/tmpHVn86h/p/user/tester.c'

test write FAILED (0 of 10)
 (Tries to write more than possible to a small file and makes sure only 52 bytes are written.)
 Unexpected exception [Errno 2] No such file or directory: '/tmp/tmpHVn86h/p/user/tester.c'

test write2 FAILED (0 of 10)
 (Repeatedly opens, writes, closes a small file. The last write should be the one that is persisted.)
 Unexpected exception [Errno 2] No such file or directory: '/tmp/tmpHVn86h/p/user/tester.c'

test write3 FAILED (0 of 10)
 (Repeatedly opens, writes to the end, closes a small file until file is full.)
 Unexpected exception [Errno 2] No such file or directory: '/tmp/tmpHVn86h/p/user/tester.c'

test write4 FAILED (0 of 10)
 (Small write followed by a big write to a small file should truncate the big write upto max small file size.)
 Unexpected exception [Errno 2] No such file or directory: '/tmp/tmpHVn86h/p/user/tester.c'

test readonly FAILED (0 of 10)
 (Makes sure small files can be opened as read only and writes would fail.)
 Unexpected exception [Errno 2] No such file or directory: '/tmp/tmpHVn86h/p/user/tester.c'

test writeonly FAILED (0 of 10)
 (Makes sure small files can be opened as write only and reads would fail.)
 Unexpected exception [Errno 2] No such file or directory: '/tmp/tmpHVn86h/p/user/tester.c'

test remove FAILED (0 of 10)
 (Makes sure removing a small file does not corrupt the file system by freeing blocks.)
 Unexpected exception [Errno 2] No such file or directory: '/tmp/tmpHVn86h/p/user/tester.c'

test fulldisk FAILED (0 of 10)
 (First uses all free blocks on disk for normal files and then makes sure small files can still be created. ***Note that the test will take a while since big files are created.***)
 Unexpected exception [Errno 2] No such file or directory: '/tmp/tmpHVn86h/p/user/tester.c'

test stress FAILED (0 of 10)
 (Creates and deletes a lot of small files one at a time to make sure nothing breaks under a heavy load.)
 Unexpected exception [Errno 2] No such file or directory: '/tmp/tmpHVn86h/p/user/tester.c'

test stress2 FAILED (0 of 10)
 (Creates and deletes a lot of small files 100 of them at a time to make sure nothing breaks under a heavy load. ***Note that the test will take a VERY long time since a lot of files are created.***)
 Unexpected exception [Errno 2] No such file or directory: '/tmp/tmpHVn86h/p/user/tester.c'

test smallbig FAILED (0 of 10)
 (Creates bunch of small files; then creates bunch of big files to make sure normal files are not affected.)
 Unexpected exception [Errno 2] No such file or directory: '/tmp/tmpHVn86h/p/user/tester.c'

test inode FAILED (0 of 10)
 (Uses all inodes in the file system; then repeatedly deleted and creates a file and makes sure the correct inode is reused for the new file.)
 Unexpected exception [Errno 2] No such file or directory: '/tmp/tmpHVn86h/p/user/tester.c'

test inode2 FAILED (0 of 10)
 (Uses all inodes in the file system; then repeatedly deletes bunch of files and then creates that many files and makes sure the correct inodes are reused for the new files.)
 Unexpected exception [Errno 2] No such file or directory: '/tmp/tmpHVn86h/p/user/tester.c'

test usertests FAILED (0 of 10)
 (Running standard tests to make sure you did not break anything for normal files. ***Note that the test will take a while since a lot of things are being tested.***)
 Unexpected exception [Errno 2] No such file or directory: '/tmp/tmpHVn86h/p/user/tester.c'

Passed 0 of 20 tests.
Overall 0 of 20
Points 0 of 190
